make all --print-data-base --no-builtin-variables --no-builtin-rules --question
# GNU Make 3.82
# Built for x86_64-redhat-linux-gnu
# Copyright (C) 2010  Free Software Foundation, Inc.
# License GPLv3+: GNU GPL version 3 or later <http://gnu.org/licenses/gpl.html>
# This is free software: you are free to change and redistribute it.
# There is NO WARRANTY, to the extent permitted by law.

# Make data base, printed on Sun Jun 26 09:40:41 2022

# Variables

# automatic
<D = $(patsubst %/,%,$(dir $<))
# automatic
?F = $(notdir $?)
# default
.SHELLFLAGS := -c
# environment
VSCODE_AGENT_FOLDER = /root/.vscode-server
# environment
VSCODE_LOG_NATIVE = false
# automatic
?D = $(patsubst %/,%,$(dir $?))
# automatic
@D = $(patsubst %/,%,$(dir $@))
# automatic
@F = $(notdir $@)
# default
MAKE_VERSION := 3.82
# makefile
CURDIR := /root/workspace/janus-biz-groups
# makefile
SHELL = /bin/sh
# environment
VSCODE_NLS_CONFIG = {"locale":"en","availableLanguages":{}}
# environment
_ = /usr/bin/make
# makefile (from `Makefile', line 1)
MAKEFILE_LIST :=  Makefile
# environment
HISTCONTROL = ignoredups
# makefile (from `Makefile', line 6)
CONSTRUCTOR_PATH = ./internal/infrastructure/constructor/
# environment
VSCODE_AMD_ENTRYPOINT = vs/workbench/api/node/extensionHostProcess
# environment
VSCODE_VERBOSE_LOGGING = true
# environment
LESSOPEN = ||/usr/bin/lesspipe.sh %s
# environment
VSCODE_CWD = /root
# environment
GOPROXY = https://mirrors.aliyun.com/goproxy,https://goproxy.io,direct
# environment
SSH_CONNECTION = 192.168.1.1 55243 192.168.1.200 22
# environment
PATH = /root/.vscode-server/bin/30d9c6cd9483b2cc586687151bcbcd635f373630/bin/remote-cli:/root/go/bin:/root/.cargo/bin:/usr/local/sbin:/usr/local/bin:/usr/sbin:/usr/bin:/usr/local/go/bin:/root/.local/bin:/usr/local/go/bin:/root/bin
# environment
XDG_RUNTIME_DIR = /run/user/0
# environment
GOPATH = /root/go
# makefile (from `Makefile', line 4)
CONFIG_PATH = internal/infrastructure/config/
# environment
VSCODE_LOG_STACK = false
# default
.FEATURES := target-specific order-only second-expansion else-if shortest-stem undefine oneshell archives jobserver check-symlink
# automatic
%F = $(notdir $%)
# environment
VSCODE_PIPE_LOGGING = true
# environment
PWD = /root/workspace/janus-biz-groups
# environment
VSCODE_IPC_HOOK_CLI = /run/user/0/vscode-ipc-b3ff7076-4c4f-42db-bf9b-587d5fd61257.sock
# automatic
*D = $(patsubst %/,%,$(dir $*))
# environment
GOMODCACHE = /root/go/pkg/mod
# environment
HOME = /root
# makefile (from `Makefile', line 1)
SVC_NAME = janus-biz-groups
# environment
LOGNAME = root
# environment
APPLICATION_INSIGHTS_NO_DIAGNOSTIC_CHANNEL = true
# automatic
+F = $(notdir $+)
# environment
VSCODE_HANDLES_UNCAUGHT_ERRORS = true
# automatic
^D = $(patsubst %/,%,$(dir $^))
# makefile (from `Makefile', line 7)
CMD_PATH = ./cmd/server/
# environment
HOSTNAME = playground
# environment
MAKELEVEL := 0
# makefile (from `Makefile', line 3)
GOAPI_PATH = api/goapi/$(SVC_NAME)/service/v1/
# default
MAKE = $(MAKE_COMMAND)
# default
MAKECMDGOALS := all
# environment
SHLVL = 5
# environment
XDG_SESSION_ID = 4
# environment
USER = root
# makefile
.DEFAULT_GOAL := protoc
# automatic
%D = $(patsubst %/,%,$(dir $%))
# default
MAKE_COMMAND := make
# environment
GO_ROOT = /root/go
# default
.VARIABLES := 
# automatic
*F = $(notdir $*)
# makefile
MAKEFLAGS = Rrqp
# environment
MFLAGS = -Rrqp
# environment
SSH_CLIENT = 192.168.1.1 55243 22
# environment
MAIL = /var/spool/mail/root
# automatic
+D = $(patsubst %/,%,$(dir $+))
# environment
BROWSER = /root/.vscode-server/bin/30d9c6cd9483b2cc586687151bcbcd635f373630/bin/helpers/browser.sh
# environment
VSCODE_HANDLES_SIGPIPE = true
# makefile (from `Makefile', line 9)
MYSQL_PASSWORD = 000000
# default
MAKEFILES := 
# automatic
<F = $(notdir $<)
# environment
LC_ALL = C
# makefile (from `Makefile', line 5)
CONFIG_DATA = ./config/config.yaml
# makefile (from `Makefile', line 2)
PROTO_PATH = api/proto/$(SVC_NAME)/service/v1/
# automatic
^F = $(notdir $^)
# default
SUFFIXES := 
# environment
HISTSIZE = 1000
# default
.INCLUDE_DIRS = /usr/include /usr/local/include /usr/include
# default
.RECIPEPREFIX := 
# makefile (from `Makefile', line 8)
ENV = DEV
# environment
LANG = C
# environment
VSCODE_EXTHOST_WILL_SEND_SOCKET = true
# variable set hash-table stats:
# Load=77/1024=8%, Rehash=0, Collisions=7/99=7%

# Pattern-specific Variable Values

# No pattern-specific variable values.

# Directories

# . (device 64768, inode 107090906): 13 files, no impossibilities.

# 13 files, no impossibilities in 1 directories.

# Implicit Rules

# No implicit rules.

# Files

deploy-prod:
#  Implicit rule search has not been done.
#  Modification time never checked.
#  File has not been updated.
#  recipe to execute (from `Makefile', line 43):
	make build-prod
	mv ./cmd/$(SVC_NAME)/server/server ./deployment/prod/

# Not a target:
all:
#  Command line target.
#  Implicit rule search has been done.
#  File does not exist.
#  File has not been updated.

protoc:
#  Implicit rule search has not been done.
#  Modification time never checked.
#  File has not been updated.
#  recipe to execute (from `Makefile', line 13):
	protoc --proto_path=$(PROTO_PATH) --go_out=$(GOAPI_PATH) --go_opt=paths=source_relative --go-grpc_out=$(GOAPI_PATH) --go-grpc_opt=paths=source_relative $(PROTO_PATH)*.proto
	protoc --go_out=. --go_opt=paths=source_relative ${CONFIG_PATH}*.proto

# Not a target:
.SUFFIXES:
#  Implicit rule search has not been done.
#  Modification time never checked.
#  File has not been updated.

# Not a target:
Makefile:
#  Implicit rule search has been done.
#  Last modified 2022-06-23 00:05:45
#  File has been updated.
#  Successfully updated.

build-dev:
#  Implicit rule search has not been done.
#  Modification time never checked.
#  File has not been updated.
#  recipe to execute (from `Makefile', line 26):
	go build -o $(CMD_PATH)server $(CMD_PATH)

build-prod:
#  Implicit rule search has not been done.
#  Modification time never checked.
#  File has not been updated.
#  recipe to execute (from `Makefile', line 30):
	go build -tags netgo -o $(CMD_PATH)server $(CMD_PATH)

wire:
#  Implicit rule search has not been done.
#  Modification time never checked.
#  File has not been updated.
#  recipe to execute (from `Makefile', line 18):
	wire $(CONSTRUCTOR_PATH)

# Not a target:
.DEFAULT:
#  Implicit rule search has not been done.
#  Modification time never checked.
#  File has not been updated.

run:
#  Implicit rule search has not been done.
#  Modification time never checked.
#  File has not been updated.
#  recipe to execute (from `Makefile', line 22):
	export ENV=$(ENV) MYSQL_PASSWORD=$(MYSQL_PASSWORD) && go run $(CMD_PATH) --config=$(CONFIG_DATA)

deploy-test:
#  Implicit rule search has not been done.
#  Modification time never checked.
#  File has not been updated.
#  recipe to execute (from `Makefile', line 38):
	make build-prod
	mv ./cmd/$(SVC_NAME)/server/server ./deployment/test/

deploy-dev:
#  Implicit rule search has not been done.
#  Modification time never checked.
#  File has not been updated.
#  recipe to execute (from `Makefile', line 34):
	sh ./deployment/dev/command.sh

# files hash-table stats:
# Load=12/1024=1%, Rehash=0, Collisions=0/22=0%
# VPATH Search Paths

# No `vpath' search paths.

# No general (`VPATH' variable) search path.

# # of strings in strcache: 0 / lookups = 38 / hits = 38
# # of strcache buffers: 1 (* 8176 B/buffer = 8176 B)
# strcache used: total = 0 (222) / max = 0 / min = 8176 / avg = 0
# strcache free: total = 0 (7954) / max = 0 / min = 8176 / avg = 0
 
make: *** No rule to make target `all'.  Stop.


# strcache hash-table stats:
# Load=26/8192=0%, Rehash=0, Collisions=1/38=3%
# Finished Make data base on Sun Jun 26 09:40:41 2022

 
